[INFO] 18:41:19:082 Master Logger/(23066:23066): Esperando clientes en el puerto 9191 : 127.0.0.1
[0m[INFO] 18:41:25:523 Master Logger/(23066:23068): Bienvenido: luca
[0m[INFO] 18:41:30:288 Master Logger/(23066:23081): luca: HOLA MI NEGRO
[0m[INFO] 18:41:33:898 Master Logger/(23066:23081): luca: COMO ESTAMOS MUCHACHO
[0m[INFO] 18:41:36:421 Master Logger/(23066:23081): luca: oaoaooaoaoaoaoaoa
[0m[INFO] 18:41:37:917 Master Logger/(23066:23081): luca: esaaaaa
[0m[INFO] 18:41:40:489 Master Logger/(23066:23081): luca: niga niga niga
[0m[INFO] 18:41:42:339 Master Logger/(23066:23081): Error: posible desconexion 5
[0m[INFO] 18:41:44:197 Master Logger/(23066:23068): Bienvenido: luca
[0m[INFO] 18:43:36:843 Master Logger/(23066:23102): luca: asdasd
[0m[INFO] 18:44:06:685 Master Logger/(23066:23102): luca: a
[0m[INFO] 18:44:06:910 Master Logger/(23066:23102): luca: a
[0m[INFO] 18:44:07:094 Master Logger/(23066:23102): luca: a
[0m[INFO] 18:44:07:241 Master Logger/(23066:23102): luca: a
[0m[INFO] 18:44:07:498 Master Logger/(23066:23102): luca: a
[0m[INFO] 18:44:07:617 Master Logger/(23066:23102): luca: a
[0m[INFO] 18:44:07:863 Master Logger/(23066:23102): luca: a
[0m[INFO] 18:44:07:990 Master Logger/(23066:23102): luca: a
[0m[INFO] 18:44:08:130 Master Logger/(23066:23102): luca: a
[0m[INFO] 18:44:08:362 Master Logger/(23066:23102): luca: a
[0m[INFO] 18:44:08:598 Master Logger/(23066:23102): luca: a
[0m[INFO] 18:44:08:746 Master Logger/(23066:23102): luca: a
[0m[INFO] 18:44:09:002 Master Logger/(23066:23102): luca: a
[0m[INFO] 18:44:09:267 Master Logger/(23066:23102): luca: a
[0m[INFO] 18:44:09:406 Master Logger/(23066:23102): luca: a
[0m[INFO] 18:44:09:650 Master Logger/(23066:23102): luca: a
[0m[INFO] 18:44:09:918 Master Logger/(23066:23102): luca: a
[0m[INFO] 18:44:10:056 Master Logger/(23066:23102): luca: a
[0m[INFO] 18:44:10:174 Master Logger/(23066:23102): luca: a
[0m[INFO] 18:44:10:429 Master Logger/(23066:23102): luca: a
[0m[INFO] 18:44:10:569 Master Logger/(23066:23102): luca: a
[0m[INFO] 18:44:11:773 Master Logger/(23066:23102): luca: a
[0m[INFO] 18:44:42:963 Master Logger/(23066:23102): luca: Nah muy bueno
[0m[INFO] 18:44:44:687 Master Logger/(23066:23102): luca: osdajdja
[0m[INFO] 18:44:45:542 Master Logger/(23066:23102): luca: jasjdasj
[0m[INFO] 18:45:06:802 Master Logger/(23066:23102): luca: csgo
[0m[INFO] 18:45:16:288 Master Logger/(23066:23102): Error: posible desconexion 6
[0m[INFO] 18:48:45:423 Master Logger/(23066:23068): Bienvenido: luca
[0m[INFO] 18:48:48:507 Master Logger/(23066:23867): luca: esaaa
[0m[INFO] 18:48:49:271 Master Logger/(23066:23867): luca: niga
[0m[INFO] 18:48:49:874 Master Logger/(23066:23867): luca: niga
[0m[INFO] 18:48:50:386 Master Logger/(23066:23867): luca: niga
[0m[INFO] 18:49:20:927 Master Logger/(23066:23867): Error: posible desconexion 5
[0m